# JRE version: Java(TM) SE Runtime Environment (8.0_144-b01) (build 1.8.0_144-b01)
# Java VM: Java HotSpot(TM) 64-Bit Server VM (25.144-b01 mixed mode windows-amd64 compressed oops)
Heap:
 PSYoungGen      total 37888K, used 32102K [0x00000000d5f00000, 0x00000000dc100000, 0x0000000100000000)
  eden space 32768K, 86% used [0x00000000d5f00000,0x00000000d7a9aff0,0x00000000d7f00000)
  from space 5120K, 74% used [0x00000000d7f80000,0x00000000d833ea80,0x00000000d8480000)
  to   space 33792K, 0% used [0x00000000da000000,0x00000000da000000,0x00000000dc100000)
 ParOldGen       total 87552K, used 52311K [0x0000000081c00000, 0x0000000087180000, 0x00000000d5f00000)
  object space 87552K, 59% used [0x0000000081c00000,0x0000000084f15c58,0x0000000087180000)
 Metaspace       used 20300K, capacity 20714K, committed 20992K, reserved 1067008K
  class space    used 2665K, capacity 2786K, committed 2816K, reserved 1048576K
GC Heap History (10 events):
Event: 8.858 GC heap before
{Heap before GC invocations=1 (full 0):
 PSYoungGen      total 38400K, used 33191K [0x00000000d5f00000, 0x00000000d8980000, 0x0000000100000000)
  eden space 33280K, 99% used [0x00000000d5f00000,0x00000000d7f69e80,0x00000000d7f80000)
  from space 5120K, 0% used [0x00000000d8480000,0x00000000d8480000,0x00000000d8980000)
  to   space 5120K, 0% used [0x00000000d7f80000,0x00000000d7f80000,0x00000000d8480000)
 ParOldGen       total 87552K, used 0K [0x0000000081c00000, 0x0000000087180000, 0x00000000d5f00000)
  object space 87552K, 0% used [0x0000000081c00000,0x0000000081c00000,0x0000000087180000)
 Metaspace       used 8996K, capacity 9194K, committed 9472K, reserved 1056768K
  class space    used 1108K, capacity 1187K, committed 1280K, reserved 1048576K
Event: 8.862 GC heap after
Heap after GC invocations=1 (full 0):
 PSYoungGen      total 38400K, used 5111K [0x00000000d5f00000, 0x00000000d8980000, 0x0000000100000000)
  eden space 33280K, 0% used [0x00000000d5f00000,0x00000000d5f00000,0x00000000d7f80000)
  from space 5120K, 99% used [0x00000000d7f80000,0x00000000d847dde0,0x00000000d8480000)
  to   space 5120K, 0% used [0x00000000d8480000,0x00000000d8480000,0x00000000d8980000)
 ParOldGen       total 87552K, used 5318K [0x0000000081c00000, 0x0000000087180000, 0x00000000d5f00000)
  object space 87552K, 6% used [0x0000000081c00000,0x00000000821318f8,0x0000000087180000)
 Metaspace       used 8996K, capacity 9194K, committed 9472K, reserved 1056768K
  class space    used 1108K, capacity 1187K, committed 1280K, reserved 1048576K
}
Event: 11.474 GC heap before
{Heap before GC invocations=2 (full 0):
 PSYoungGen      total 38400K, used 38391K [0x00000000d5f00000, 0x00000000d8980000, 0x0000000100000000)
  eden space 33280K, 100% used [0x00000000d5f00000,0x00000000d7f80000,0x00000000d7f80000)
  from space 5120K, 99% used [0x00000000d7f80000,0x00000000d847dde0,0x00000000d8480000)
  to   space 5120K, 0% used [0x00000000d8480000,0x00000000d8480000,0x00000000d8980000)
 ParOldGen       total 87552K, used 5318K [0x0000000081c00000, 0x0000000087180000, 0x00000000d5f00000)
  object space 87552K, 6% used [0x0000000081c00000,0x00000000821318f8,0x0000000087180000)
 Metaspace       used 16793K, capacity 17118K, committed 17280K, reserved 1064960K
  class space    used 2299K, capacity 2376K, committed 2432K, reserved 1048576K
Event: 11.485 GC heap after
Heap after GC invocations=2 (full 0):
 PSYoungGen      total 38400K, used 5112K [0x00000000d5f00000, 0x00000000d8980000, 0x0000000100000000)
  eden space 33280K, 0% used [0x00000000d5f00000,0x00000000d5f00000,0x00000000d7f80000)
  from space 5120K, 99% used [0x00000000d8480000,0x00000000d897e0c0,0x00000000d8980000)
  to   space 5120K, 0% used [0x00000000d7f80000,0x00000000d7f80000,0x00000000d8480000)
 ParOldGen       total 87552K, used 31319K [0x0000000081c00000, 0x0000000087180000, 0x00000000d5f00000)
  object space 87552K, 35% used [0x0000000081c00000,0x0000000083a95e58,0x0000000087180000)
 Metaspace       used 16793K, capacity 17118K, committed 17280K, reserved 1064960K
  class space    used 2299K, capacity 2376K, committed 2432K, reserved 1048576K
}
Event: 47.713 GC heap before
{Heap before GC invocations=3 (full 0):
 PSYoungGen      total 38400K, used 38392K [0x00000000d5f00000, 0x00000000d8980000, 0x0000000100000000)
  eden space 33280K, 100% used [0x00000000d5f00000,0x00000000d7f80000,0x00000000d7f80000)
  from space 5120K, 99% used [0x00000000d8480000,0x00000000d897e0c0,0x00000000d8980000)
  to   space 5120K, 0% used [0x00000000d7f80000,0x00000000d7f80000,0x00000000d8480000)
 ParOldGen       total 87552K, used 31319K [0x0000000081c00000, 0x0000000087180000, 0x00000000d5f00000)
  object space 87552K, 35% used [0x0000000081c00000,0x0000000083a95e58,0x0000000087180000)
 Metaspace       used 18736K, capacity 19104K, committed 19328K, reserved 1067008K
  class space    used 2557K, capacity 2669K, committed 2688K, reserved 1048576K
Event: 47.717 GC heap after
Heap after GC invocations=3 (full 0):
 PSYoungGen      total 38400K, used 5119K [0x00000000d5f00000, 0x00000000d8980000, 0x0000000100000000)
  eden space 33280K, 0% used [0x00000000d5f00000,0x00000000d5f00000,0x00000000d7f80000)
  from space 5120K, 99% used [0x00000000d7f80000,0x00000000d847fc20,0x00000000d8480000)
  to   space 5120K, 0% used [0x00000000d8480000,0x00000000d8480000,0x00000000d8980000)
 ParOldGen       total 87552K, used 40453K [0x0000000081c00000, 0x0000000087180000, 0x00000000d5f00000)
  object space 87552K, 46% used [0x0000000081c00000,0x0000000084381408,0x0000000087180000)
 Metaspace       used 18736K, capacity 19104K, committed 19328K, reserved 1067008K
  class space    used 2557K, capacity 2669K, committed 2688K, reserved 1048576K
}
Event: 51.474 GC heap before
{Heap before GC invocations=4 (full 0):
 PSYoungGen      total 38400K, used 38399K [0x00000000d5f00000, 0x00000000d8980000, 0x0000000100000000)
  eden space 33280K, 100% used [0x00000000d5f00000,0x00000000d7f80000,0x00000000d7f80000)
  from space 5120K, 99% used [0x00000000d7f80000,0x00000000d847fc20,0x00000000d8480000)
  to   space 5120K, 0% used [0x00000000d8480000,0x00000000d8480000,0x00000000d8980000)
 ParOldGen       total 87552K, used 40453K [0x0000000081c00000, 0x0000000087180000, 0x00000000d5f00000)
  object space 87552K, 46% used [0x0000000081c00000,0x0000000084381408,0x0000000087180000)
 Metaspace       used 18987K, capacity 19344K, committed 19584K, reserved 1067008K
  class space    used 2564K, capacity 2679K, committed 2688K, reserved 1048576K
Event: 51.480 GC heap after
Heap after GC invocations=4 (full 0):
 PSYoungGen      total 38400K, used 3186K [0x00000000d5f00000, 0x00000000d8980000, 0x0000000100000000)
  eden space 33280K, 0% used [0x00000000d5f00000,0x00000000d5f00000,0x00000000d7f80000)
  from space 5120K, 62% used [0x00000000d8480000,0x00000000d879ca60,0x00000000d8980000)
  to   space 5120K, 0% used [0x00000000d7f80000,0x00000000d7f80000,0x00000000d8480000)
 ParOldGen       total 87552K, used 48553K [0x0000000081c00000, 0x0000000087180000, 0x00000000d5f00000)
  object space 87552K, 55% used [0x0000000081c00000,0x0000000084b6a438,0x0000000087180000)
 Metaspace       used 18987K, capacity 19344K, committed 19584K, reserved 1067008K
  class space    used 2564K, capacity 2679K, committed 2688K, reserved 1048576K
}
Event: 8260.808 GC heap before
{Heap before GC invocations=5 (full 0):
 PSYoungGen      total 38400K, used 36466K [0x00000000d5f00000, 0x00000000d8980000, 0x0000000100000000)
  eden space 33280K, 100% used [0x00000000d5f00000,0x00000000d7f80000,0x00000000d7f80000)
  from space 5120K, 62% used [0x00000000d8480000,0x00000000d879ca60,0x00000000d8980000)
  to   space 5120K, 0% used [0x00000000d7f80000,0x00000000d7f80000,0x00000000d8480000)
 ParOldGen       total 87552K, used 48553K [0x0000000081c00000, 0x0000000087180000, 0x00000000d5f00000)
  object space 87552K, 55% used [0x0000000081c00000,0x0000000084b6a438,0x0000000087180000)
 Metaspace       used 19777K, capacity 20134K, committed 20352K, reserved 1067008K
  class space    used 2580K, capacity 2682K, committed 2688K, reserved 1048576K
Event: 8260.839 GC heap after
Heap after GC invocations=5 (full 0):
 PSYoungGen      total 37888K, used 3834K [0x00000000d5f00000, 0x00000000dc100000, 0x0000000100000000)
  eden space 32768K, 0% used [0x00000000d5f00000,0x00000000d5f00000,0x00000000d7f00000)
  from space 5120K, 74% used [0x00000000d7f80000,0x00000000d833ea80,0x00000000d8480000)
  to   space 33792K, 0% used [0x00000000da000000,0x00000000da000000,0x00000000dc100000)
 ParOldGen       total 87552K, used 52311K [0x0000000081c00000, 0x0000000087180000, 0x00000000d5f00000)
  object space 87552K, 59% used [0x0000000081c00000,0x0000000084f15c58,0x0000000087180000)
 Metaspace       used 19777K, capacity 20134K, committed 20352K, reserved 1067008K
  class space    used 2580K, capacity 2682K, committed 2688K, reserved 1048576K
}

