<?xml version="1.0" encoding="UTF-8"?>
<!-- Generated by org.testng.reporters.JUnitXMLReporter -->
<testsuite hostname="LiviaPC" name="Command line test" tests="6" failures="0" timestamp="13 May 2018 21:32:30 GMT" time="0.583" errors="0">
  <testcase name="testConvertToNumber on testConvertToNumber(org.ql.audioeditor.common.util.GeneralUtilsTest)" time="0.126" classname="org.ql.audioeditor.common.util.GeneralUtilsTest"/>
  <testcase name="testGetFileExtension on testGetFileExtension(org.ql.audioeditor.common.util.GeneralUtilsTest)" time="0.009" classname="org.ql.audioeditor.common.util.GeneralUtilsTest"/>
  <testcase name="testGetDir on testGetDir(org.ql.audioeditor.common.util.GeneralUtilsTest)" time="0.001" classname="org.ql.audioeditor.common.util.GeneralUtilsTest"/>
  <testcase name="testSecondsToFrames on testSecondsToFrames(org.ql.audioeditor.common.util.TimeUtilsTest)" time="0.032" classname="org.ql.audioeditor.common.util.TimeUtilsTest"/>
  <testcase name="testFramesToSeconds on testFramesToSeconds(org.ql.audioeditor.common.util.TimeUtilsTest)" time="0.004" classname="org.ql.audioeditor.common.util.TimeUtilsTest"/>
  <testcase name="testFormatDuration on testFormatDuration(org.ql.audioeditor.common.util.TimeUtilsTest)" time="0.002" classname="org.ql.audioeditor.common.util.TimeUtilsTest"/>
</testsuite> <!-- Command line test -->
