<?xml version="1.0" encoding="UTF-8"?>
<!-- Generated by org.testng.reporters.JUnitXMLReporter -->
<testsuite hostname="LiviaPC" name="Command line test" tests="27" failures="0" timestamp="15 May 2018 05:25:11 GMT" time="15.313" errors="0">
  <testcase name="testConvertToNumber on testConvertToNumber(org.ql.audioeditor.common.util.GeneralUtilsTest)" time="0.251" classname="org.ql.audioeditor.common.util.GeneralUtilsTest"/>
  <testcase name="testGetFileExtension on testGetFileExtension(org.ql.audioeditor.common.util.GeneralUtilsTest)" time="0.023" classname="org.ql.audioeditor.common.util.GeneralUtilsTest"/>
  <testcase name="testGetDir on testGetDir(org.ql.audioeditor.common.util.GeneralUtilsTest)" time="0.001" classname="org.ql.audioeditor.common.util.GeneralUtilsTest"/>
  <testcase name="testSecondsToFrames on testSecondsToFrames(org.ql.audioeditor.common.util.TimeUtilsTest)" time="0.004" classname="org.ql.audioeditor.common.util.TimeUtilsTest"/>
  <testcase name="testFramesToSeconds on testFramesToSeconds(org.ql.audioeditor.common.util.TimeUtilsTest)" time="0.001" classname="org.ql.audioeditor.common.util.TimeUtilsTest"/>
  <testcase name="testFormatDuration on testFormatDuration(org.ql.audioeditor.common.util.TimeUtilsTest)" time="0.002" classname="org.ql.audioeditor.common.util.TimeUtilsTest"/>
  <testcase name="testEditSongNoSongLoaded on testEditSongNoSongLoaded(org.ql.audioeditor.logic.dbaccess.DatabaseAccessModelTest)" time="1.113" classname="org.ql.audioeditor.logic.dbaccess.DatabaseAccessModelTest"/>
  <testcase name="testEditSong on testEditSong(org.ql.audioeditor.logic.dbaccess.DatabaseAccessModelTest)" time="0.691" classname="org.ql.audioeditor.logic.dbaccess.DatabaseAccessModelTest"/>
  <testcase name="testDeleteSongs on testDeleteSongs(org.ql.audioeditor.logic.dbaccess.DatabaseAccessModelTest)" time="0.664" classname="org.ql.audioeditor.logic.dbaccess.DatabaseAccessModelTest"/>
  <testcase name="testAddSong on testAddSong(org.ql.audioeditor.logic.dbaccess.DatabaseAccessModelTest)" time="0.632" classname="org.ql.audioeditor.logic.dbaccess.DatabaseAccessModelTest"/>
  <testcase name="testAddSongAlreadyExists on testAddSongAlreadyExists(org.ql.audioeditor.logic.dbaccess.DatabaseAccessModelTest)" time="0.69" classname="org.ql.audioeditor.logic.dbaccess.DatabaseAccessModelTest"/>
  <testcase name="testGetId on testGetId(org.ql.audioeditor.logic.dbaccess.DatabaseAccessModelTest)" time="0.621" classname="org.ql.audioeditor.logic.dbaccess.DatabaseAccessModelTest"/>
  <testcase name="testAddSongNoSongLoaded on testAddSongNoSongLoaded(org.ql.audioeditor.logic.dbaccess.DatabaseAccessModelTest)" time="0.667" classname="org.ql.audioeditor.logic.dbaccess.DatabaseAccessModelTest"/>
  <testcase name="testDeleteSongNoSuchSong on testDeleteSongNoSuchSong(org.ql.audioeditor.logic.dbaccess.DatabaseAccessModelTest)" time="0.635" classname="org.ql.audioeditor.logic.dbaccess.DatabaseAccessModelTest"/>
  <testcase name="testAddSongs on testAddSongs(org.ql.audioeditor.logic.dbaccess.DatabaseAccessModelTest)" time="0.614" classname="org.ql.audioeditor.logic.dbaccess.DatabaseAccessModelTest"/>
  <testcase name="testEditSongNoSuchSong on testEditSongNoSuchSong(org.ql.audioeditor.logic.dbaccess.DatabaseAccessModelTest)" time="0.627" classname="org.ql.audioeditor.logic.dbaccess.DatabaseAccessModelTest"/>
  <testcase name="testIsSongValid on testIsSongValid(org.ql.audioeditor.logic.dbaccess.DatabaseAccessModelTest)" time="0.611" classname="org.ql.audioeditor.logic.dbaccess.DatabaseAccessModelTest"/>
  <testcase name="testDeleteSongNoSongLoaded on testDeleteSongNoSongLoaded(org.ql.audioeditor.logic.dbaccess.DatabaseAccessModelTest)" time="0.625" classname="org.ql.audioeditor.logic.dbaccess.DatabaseAccessModelTest"/>
  <testcase name="testDeleteSong on testDeleteSong(org.ql.audioeditor.logic.dbaccess.DatabaseAccessModelTest)" time="0.607" classname="org.ql.audioeditor.logic.dbaccess.DatabaseAccessModelTest"/>
  <testcase name="testGetSongListInvalid on testGetSongListInvalid(org.ql.audioeditor.logic.dbaccess.DatabaseAccessModelTest)" time="0.609" classname="org.ql.audioeditor.logic.dbaccess.DatabaseAccessModelTest"/>
  <testcase name="testAddSongsFail on testAddSongsFail(org.ql.audioeditor.logic.dbaccess.DatabaseAccessModelTest)" time="0.667" classname="org.ql.audioeditor.logic.dbaccess.DatabaseAccessModelTest"/>
  <testcase name="testGetSongList1 on testGetSongList1(org.ql.audioeditor.logic.dbaccess.DatabaseAccessModelTest)" time="0.609" classname="org.ql.audioeditor.logic.dbaccess.DatabaseAccessModelTest"/>
  <testcase name="testGetId2 on testGetId2(org.ql.audioeditor.logic.dbaccess.DatabaseAccessModelTest)" time="0.603" classname="org.ql.audioeditor.logic.dbaccess.DatabaseAccessModelTest"/>
  <testcase name="testHasInvalidFalse on testHasInvalidFalse(org.ql.audioeditor.logic.dbaccess.DatabaseAccessModelTest)" time="0.602" classname="org.ql.audioeditor.logic.dbaccess.DatabaseAccessModelTest"/>
  <testcase name="testGetSongListValid on testGetSongListValid(org.ql.audioeditor.logic.dbaccess.DatabaseAccessModelTest)" time="0.604" classname="org.ql.audioeditor.logic.dbaccess.DatabaseAccessModelTest"/>
  <testcase name="testAddSongNotValid on testAddSongNotValid(org.ql.audioeditor.logic.dbaccess.DatabaseAccessModelTest)" time="0.653" classname="org.ql.audioeditor.logic.dbaccess.DatabaseAccessModelTest"/>
  <testcase name="testHasInvalidTrue on testHasInvalidTrue(org.ql.audioeditor.logic.dbaccess.DatabaseAccessModelTest)" time="0.61" classname="org.ql.audioeditor.logic.dbaccess.DatabaseAccessModelTest"/>
</testsuite> <!-- Command line test -->
